<?xml version="1.0" encoding="UTF-8"?>
<!-- Generated by org.testng.reporters.JUnitReportReporter -->
<testsuite skipped="0" hostname="DESKTOP-2ED4479" name="com.automation.TestRunner.Testrunner" tests="1" failures="0" timestamp="17 May 2020 06:48:47 GMT" time="59.480" errors="0">
  <testcase name="testmethod" time="59.480" classname="com.automation.TestRunner.Testrunner"/>
</testsuite> <!-- com.automation.TestRunner.Testrunner -->
