<?xml version="1.0" encoding="UTF-8"?>
<!-- Generated by org.testng.reporters.JUnitReportReporter -->
<testsuite skipped="0" hostname="DESKTOP-2ED4479" name="com.automation.TestRunner.TestRunner" tests="1" failures="0" timestamp="06 May 2020 17:48:42 GMT" time="1.067" errors="0">
  <testcase name="testmethod" time="1.067" classname="com.automation.TestRunner.TestRunner"/>
</testsuite> <!-- com.automation.TestRunner.TestRunner -->
